C51 COMPILER V9.60.0.0   DHT11                                                             09/03/2021 15:30:36 PAGE 1   


C51 COMPILER V9.60.0.0, COMPILATION OF MODULE DHT11
OBJECT MODULE PLACED IN .\Objects\dht11.obj
COMPILER INVOKED BY: C:\Keil_v5\C51\BIN\C51.EXE user\dht11.c OPTIMIZE(8,SPEED) BROWSE DEBUG OBJECTEXTEND PRINT(.\Listing
                    -s\dht11.lst) TABS(2) OBJECT(.\Objects\dht11.obj)

line level    source

   1          #include <reg52.h>
   2          #include "dht11.h"
   3          sbit dht=P2^0;//dht11数据引脚
   4          
   5          unsigned int resultByte[5];//湿度整数，湿度小数，温度整数，温度小数，校验位
   6          
   7          void delay33us()    //@11.0592MHz
   8          {
   9   1          unsigned char i;
  10   1      
  11   1          _nop_();
  12   1          i = 12;
  13   1          while (--i);
  14   1      }
  15          void delay20ms()    //@11.0592MHz
  16          {
  17   1          unsigned char i, j;
  18   1      
  19   1          i = 36;
  20   1          j = 217;
  21   1          do
  22   1          {
  23   2              while (--j);
  24   2          } while (--i);
  25   1      }
  26          void delay1500ms()    //@11.0592MHz
  27          {
  28   1          unsigned char i, j, k;
  29   1      
  30   1          _nop_();
  31   1          i = 11;
  32   1          j = 130;
  33   1          k = 111;
  34   1          do
  35   1          {
  36   2              do
  37   2              {
  38   3                  while (--k);
  39   3              } while (--j);
  40   2          } while (--i);
  41   1      }
  42          void delay70us()    //@11.0592MHz
  43          {
  44   1          unsigned char i;
  45   1      
  46   1          _nop_();
  47   1          i = 29;
  48   1          while (--i);
  49   1      }
  50          
  51          /*启动DHT11*/
  52          void DHT11_Start()
  53          {
  54   1          dht=1;
C51 COMPILER V9.60.0.0   DHT11                                                             09/03/2021 15:30:36 PAGE 2   

  55   1          dht=0;
  56   1          delay20ms();
  57   1          dht=1;
  58   1          delay70us();
  59   1          while(dht==0);//准备接受数据
  60   1          while(dht==1);
  61   1      }
  62          /*读一个字节的数据*/
  63          unsigned int DHT11_Read_Byte(void)
  64          {
  65   1          unsigned int i,flag,byteRead=0;
  66   1          for(i=0; i<8; i++)
  67   1          {
  68   2              while(dht==0);//跳过50us
  69   2              delay33us();
  70   2              if(dht==1)//读取到数据1
  71   2              {
  72   3                  flag=1;
  73   3                  while(dht==1);
  74   3              }
  75   2              else
  76   2                  flag=0;
  77   2              byteRead<<=1;//左移一位
  78   2              byteRead|=flag;
  79   2          }
  80   1          return byteRead;
  81   1      }
  82          /*读温度和湿度函数，共五字节*/
  83          void DHT11_Read(void)
  84          {
  85   1          unsigned char i;
  86   1          delay1500ms();
  87   1          DHT11_Start();
  88   1          for(i=0; i<5; i++) //读取数据:湿度整数,湿度小数,温度整数,温度小数,校验数
  89   1          {
  90   2              resultByte[i]=DHT11_Read_Byte();
  91   2          }
  92   1      }


MODULE INFORMATION:   STATIC OVERLAYABLE
   CODE SIZE        =    145    ----
   CONSTANT SIZE    =   ----    ----
   XDATA SIZE       =   ----    ----
   PDATA SIZE       =   ----    ----
   DATA SIZE        =     10    ----
   IDATA SIZE       =   ----    ----
   BIT SIZE         =   ----    ----
END OF MODULE INFORMATION.


C51 COMPILATION COMPLETE.  0 WARNING(S),  0 ERROR(S)
