C51 COMPILER V9.60.0.0   LCD1602                                                           09/03/2021 15:30:36 PAGE 1   


C51 COMPILER V9.60.0.0, COMPILATION OF MODULE LCD1602
OBJECT MODULE PLACED IN .\Objects\LCD1602.obj
COMPILER INVOKED BY: C:\Keil_v5\C51\BIN\C51.EXE user\LCD1602.C OPTIMIZE(8,SPEED) BROWSE DEBUG OBJECTEXTEND PRINT(.\Listi
                    -ngs\LCD1602.lst) TABS(2) OBJECT(.\Objects\LCD1602.obj)

line level    source

   1          #include <reg52.h>
   2          #include "LCD1602.h"
   3          #include "dht11.h"
   4          #include "delay1ms.h"
   5          
   6          /*定义一些需要显示的字符串*/
   7          unsigned char table[]= " T:";
   8          unsigned char T;
   9          unsigned char table1[]=" H:";
  10          unsigned char H;
  11          unsigned char table2[]="%  ";
  12          unsigned char hy[]= "   Welcome!!!";
  13          
  14          /*LCD初始化*/
  15          void LCDInit()
  16          {
  17   1          unsigned char n;
  18   1          LCDWrcom(0x38);//0x38设置显示模式为：16X2 显示,5X7 点阵,8 位数据接口
  19   1          delay1ms(10);
  20   1          LCDWrcom(0x38);//0x38设置显示模式为：16X2 显示,5X7 点阵,8 位数据接口
  21   1          delay1ms(10);
  22   1          LCDWrcom(0x0c);//打开显示，隐藏光标
  23   1          LCDWrcom(0x06);//指针自动向右加一
  24   1          LCDWrcom(0x01);//清屏
  25   1          LCDWrcom(0x80);//设置数据指针起点
  26   1          //欢迎语
  27   1          for(n=0; n<13; n++)
  28   1          {
  29   2              LCDWrdata(hy[n]);
  30   2              delay1ms(10);
  31   2          }
  32   1          LCDWrcom(0x01);//清屏
  33   1      }
  34          /*温度显示*/
  35          void LCD_T()
  36          {
  37   1          unsigned char shi,ge,n,temp;
  38   1          LCDWrcom(0x00|0x80);//设置写入地址
  39   1          for(n=0; n<3; n++)
  40   1          {
  41   2              LCDWrdata(table[n]);
  42   2          }
  43   1          //显示整数部分
  44   1          shi=resultByte[2]/10;
  45   1          ge=resultByte[2]%10;
  46   1          LCDWrdata(0x30+shi);//0x30是字符'0'的数值
  47   1          LCDWrdata(0x30+ge);//0x30是字符'0'的数值
  48   1          //显示小数部分
  49   1          temp=resultByte[3];
  50   1          LCDWrdata('.');
  51   1          LCDWrdata(0x30+temp);//0x30是字符'0'的数值
  52   1          LCDWrdata(0xdf);
  53   1          LCDWrdata('C');
  54   1      }
C51 COMPILER V9.60.0.0   LCD1602                                                           09/03/2021 15:30:36 PAGE 2   

  55          /*湿度显示*/
  56          void LCD_H()
  57          {
  58   1          unsigned char shi,ge,n,temp;
  59   1          LCDWrcom(0x40|0x80);//设置写入地址
  60   1          for(n=0; n<3; n++)
  61   1          {
  62   2              LCDWrdata(table1[n]);
  63   2          }
  64   1          //显示整数部分
  65   1          shi=resultByte[0]/10;
  66   1          ge=resultByte[0]%10;
  67   1          LCDWrdata(0x30+shi);//0x30是字符'0'的数值
  68   1          LCDWrdata(0x30+ge);//0x30是字符'0'的数值
  69   1          //显示小数部分
  70   1          temp=resultByte[1];
  71   1          LCDWrdata('.');
  72   1          LCDWrdata(0x30+temp);//0x30是字符'0'的数值
  73   1          for(n=0; n<3; n++)
  74   1          {
  75   2              LCDWrdata(table2[n]);
  76   2          }
  77   1      }
  78          /*写数据*/
  79          void LCDWrdata(unsigned char dat)
  80          {
  81   1          RS=1;//写入为数据时RS拉高
  82   1      //    RW=0;//写入时将RW拉低
  83   1          E=1;
  84   1          P0=dat;
  85   1          delay1ms(10);
  86   1          E=0;
  87   1          RS=0;//写周期结束
  88   1      }
  89          /*写命令*/
  90          void LCDWrcom(unsigned char cdat)//写指令数据到LCD
  91          {
  92   1          RS=0;//写指令时将RS拉低
  93   1      //    RW=0;//写入时将RW拉低
  94   1          E=1;
  95   1          P0=cdat;
  96   1          delay1ms(5);//不加此延时将导致不能写入指令，但能写入显示数据
  97   1          E=0;
  98   1      }
  99          /*读数据*/
 100          /*读状态*/


MODULE INFORMATION:   STATIC OVERLAYABLE
   CODE SIZE        =    323    ----
   CONSTANT SIZE    =   ----    ----
   XDATA SIZE       =   ----    ----
   PDATA SIZE       =   ----    ----
   DATA SIZE        =     28       7
   IDATA SIZE       =   ----    ----
   BIT SIZE         =   ----    ----
END OF MODULE INFORMATION.


C51 COMPILATION COMPLETE.  0 WARNING(S),  0 ERROR(S)
