C51 COMPILER V9.60.0.0   MAIN                                                              09/03/2021 15:30:35 PAGE 1   


C51 COMPILER V9.60.0.0, COMPILATION OF MODULE MAIN
OBJECT MODULE PLACED IN .\Objects\main.obj
COMPILER INVOKED BY: C:\Keil_v5\C51\BIN\C51.EXE user\main.c OPTIMIZE(8,SPEED) BROWSE DEBUG OBJECTEXTEND PRINT(.\Listings
                    -\main.lst) TABS(2) OBJECT(.\Objects\main.obj)

line level    source

   1          #include <reg52.h>
   2          #include "motor.h"
   3          #include "LCD1602.h"
   4          #include "dht11.h"
   5          #include "delay1ms.h"
   6          
   7          void main()
   8          {
   9   1          sport=0;
  10   1          UsartConfiguration(); //配置串口通信方式
  11   1          MotorInit();//运动系统初始化
  12   1          DHT11_Read();//DHT11温湿度传感器初始化
  13   1          LCDInit();//LCD液晶显示屏初始化
  14   1          while(1)
  15   1          {
  16   2              if(sport==0)//进行运动模式判别
  17   2              {   DHT11_Read();
  18   3                  LCD_T();
  19   3                  LCD_H();
  20   3              }
  21   2          }
  22   1      }


MODULE INFORMATION:   STATIC OVERLAYABLE
   CODE SIZE        =     30    ----
   CONSTANT SIZE    =   ----    ----
   XDATA SIZE       =   ----    ----
   PDATA SIZE       =   ----    ----
   DATA SIZE        =   ----    ----
   IDATA SIZE       =   ----    ----
   BIT SIZE         =   ----    ----
END OF MODULE INFORMATION.


C51 COMPILATION COMPLETE.  0 WARNING(S),  0 ERROR(S)
