C51 COMPILER V9.60.0.0   MAIN1                                                             07/14/2021 15:07:31 PAGE 1   


C51 COMPILER V9.60.0.0, COMPILATION OF MODULE MAIN1
OBJECT MODULE PLACED IN .\Objects\main1.obj
COMPILER INVOKED BY: C:\Keil_v5\C51\BIN\C51.EXE user\main1.c OPTIMIZE(8,SPEED) BROWSE DEBUG OBJECTEXTEND PRINT(.\Listing
                    -s\main1.lst) TABS(2) OBJECT(.\Objects\main1.obj)

line level    source

   1          #include <reg52.h>
   2          #include "dht11.h"
   3          
   4          void main()
   5          {
   6   1          led0=0;//0灯亮：开机上电
*** ERROR C202 IN LINE 6 OF user\main1.c: 'led0': undefined identifier
   7   1          DHT11_Read();
   8   1          while(1)
   9   1          {
  10   2              led6=0;
*** ERROR C202 IN LINE 10 OF user\main1.c: 'led6': undefined identifier
  11   2          }
  12   1      }

C51 COMPILATION COMPLETE.  0 WARNING(S),  2 ERROR(S)
