C51 COMPILER V9.60.0.0   MOTOR                                                             09/03/2021 15:30:35 PAGE 1   


C51 COMPILER V9.60.0.0, COMPILATION OF MODULE MOTOR
OBJECT MODULE PLACED IN .\Objects\motor.obj
COMPILER INVOKED BY: C:\Keil_v5\C51\BIN\C51.EXE user\motor.c OPTIMIZE(8,SPEED) BROWSE DEBUG OBJECTEXTEND PRINT(.\Listing
                    -s\motor.lst) TABS(2) OBJECT(.\Objects\motor.obj)

line level    source

   1          #include <reg52.h>
   2          #include "motor.h"
   3          
   4          #define MotorData P1                    //步进电机控制接口定义
   5          unsigned char sport;//运动模式标志
   6          unsigned char phasecw[4] = {0x88,0x44,0x22,0x11}; //正转 电机导通相序 D-C-B-A
   7          unsigned char phaseccw[4]= {0x11,0x22,0x44,0x88}; //反转 电机导通相序 A-B-C-D
   8          
   9          
  10          void stop()
  11          {
  12   1          in1=0;
  13   1          in2=0;
  14   1          in3=0;
  15   1          in4=0;
  16   1      }
  17          void forward()
  18          {
  19   1          in1=1;
  20   1          in2=0;
  21   1          in3=1;
  22   1          in4=0;
  23   1      }
  24          void back()
  25          {
  26   1          in1=0;
  27   1          in2=1;
  28   1          in3=0;
  29   1          in4=1;
  30   1      }
  31          void left()
  32          {
  33   1          in1=0;
  34   1          in2=1;
  35   1          in3=1;
  36   1          in4=0;
  37   1      }
  38          void right()
  39          {
  40   1          in1=1;
  41   1          in2=0;
  42   1          in3=0;
  43   1          in4=1;
  44   1      }
  45          void Delay_xms(unsigned int x)
  46          {
  47   1          unsigned int i,j;
  48   1          for(i=0; i<x; i++)
  49   1              for(j=0; j<112; j++);
  50   1      }
  51          //顺时针转动
  52          void MotorCW(void)
  53          {
  54   1          unsigned char i;
C51 COMPILER V9.60.0.0   MOTOR                                                             09/03/2021 15:30:35 PAGE 2   

  55   1          for(i=0; i<4; i++)
  56   1          {
  57   2              MotorData=phasecw[i];
  58   2              Delay_xms(4);//转速调节
  59   2          }
  60   1      }
  61          //逆时针转动
  62          void MotorCCW(void)
  63          {
  64   1          unsigned char i;
  65   1          for(i=0; i<4; i++)
  66   1          {
  67   2              MotorData=phaseccw[i];
  68   2              Delay_xms(4);//转速调节
  69   2          }
  70   1      }
  71          //停止转动
  72          void MotorStop(void)
  73          {
  74   1          MotorData=0x00;
  75   1      }
  76          void HandDown()
  77          {
  78   1          unsigned char i;
  79   1          for(i=0; i<171; i++)
  80   1          {
  81   2              MotorCCW();  //逆时针转动
  82   2          }
  83   1          MotorStop();  //停止转动
  84   1      }
  85          void HandUp()
  86          {
  87   1          unsigned char i;
  88   1          for(i=0; i<171; i++)
  89   1          {
  90   2              MotorCW();  //逆时针转动
  91   2          }
  92   1          MotorStop();  //停止转动
  93   1      }
  94          void MotorInit()
  95          {
  96   1          MotorStop();
  97   1          stop();
  98   1      }
  99          /*4号中断响应程序：*/
 100          void Com_Int(void) interrupt 4  //这是单片机的串行通信中断程序,interrupt 4就是第四个中断源，为串口中断
 101          {
 102   1          unsigned char receive_data;
 103   1          if(RI)    //RI接收中断标志位，RI=1表示帧接收完成。可寻址标志位。方式1时，该位由硬件置位。
 104   1          {
 105   2              RI=0;   //对RI进行软件清零
 106   2              receive_data = SBUF;//当sm2=0时，就不管第9位数据是0还是1，都得将数据送入sbuf，并发出中断申请。即此
             -时ri是否置位由sm2和rb8共同决定。
 107   2              switch(receive_data)//运动模式判别
 108   2              {
 109   3              case('8'):
 110   3              {
 111   4                  sport=0;
 112   4                  break;
 113   4              }
 114   3              case('9'):
 115   3              {
C51 COMPILER V9.60.0.0   MOTOR                                                             09/03/2021 15:30:35 PAGE 3   

 116   4                  sport=1;
 117   4                  break;
 118   4              }
 119   3              }
 120   2              if(sport)
 121   2              {
 122   3                  switch(receive_data)//按照蓝牙指令改变对应舵机的电位
 123   3                  {
 124   4                  case ('0'):
 125   4                  {
 126   5                      stop();
 127   5                      break;
 128   5                  }
 129   4                  case ('1'):
 130   4                  {
 131   5                      forward();
 132   5                      break;
 133   5                  }
 134   4                  case ('2'):
 135   4                  {
 136   5                      back();
 137   5                      break;
 138   5                  }
 139   4                  case ('3'):
 140   4                  {
 141   5                      left();
 142   5                      break;
 143   5                  }
 144   4                  case ('4'):
 145   4                  {
 146   5                      right();
 147   5                      break;
 148   5                  }
 149   4                  case ('5'):
 150   4                  {
 151   5                      HandUp();
 152   5                      break;
 153   5                  }
 154   4                  case ('6'):
 155   4                  {
 156   5                      HandDown();
 157   5                      break;
 158   5                  }
 159   4                  }
 160   3              }
 161   2          }
 162   1      }
 163          /*配置串口通信*/
 164          void UsartConfiguration()
 165          {
 166   1          SCON=0X50;  //SCON串行口控制寄存器，用于控制串行通信的方式选择、接收和发送，指示串口的状态。
 167   1          //方式1,串行口为10位通用异步接口。发送或接收一帧数据信息为10位，包括1位起始位“0”、8位数据位、1位停止
             -位“1”。
 168   1          TMOD=0X20;  //TMOD定时器、计数器模式控制寄存器  ,0x20，8位自动加载定时器1
 169   1          PCON=0X00;  //PCON单片机电源控制专用寄存器
 170   1          TH1=0Xfd; //定时器重载值
 171   1          TL1=0Xfd; //定时器初值 波特率为9600算出来的fd250
 172   1          TR1= 1; //定时器1运行控制位。软件清“0”。当GATE=0，TR1置“1”启动定时器1。
 173   1          ES = 1; //ES=1，允许串行口接受、发送中断。
 174   1          EA = 1; //EA=1，CPU对所有中断开放
 175   1      }

C51 COMPILER V9.60.0.0   MOTOR                                                             09/03/2021 15:30:35 PAGE 4   


MODULE INFORMATION:   STATIC OVERLAYABLE
   CODE SIZE        =    367    ----
   CONSTANT SIZE    =   ----    ----
   XDATA SIZE       =   ----    ----
   PDATA SIZE       =   ----    ----
   DATA SIZE        =      9       2
   IDATA SIZE       =   ----    ----
   BIT SIZE         =   ----    ----
END OF MODULE INFORMATION.


C51 COMPILATION COMPLETE.  0 WARNING(S),  0 ERROR(S)
